<?xml version="1.0" encoding="UTF-8"?>
<!-- Generated by org.testng.reporters.JUnitReportReporter -->
<testsuite skipped="0" hostname="DESKTOP-TUHGED1" name="com.Urban.Runner.TestRunner" tests="2" failures="0" timestamp="2021-09-29T09:24:43 IST" time="82.183" errors="0">
  <testcase name="testSize" time="49.112" classname="com.Urban.Runner.TestRunner"/>
  <system-out/>
  <testcase name="testCards" time="33.071" classname="com.Urban.Runner.TestRunner"/>
  <system-out/>
</testsuite> <!-- com.Urban.Runner.TestRunner -->
