<?xml version="1.0" encoding="UTF-8"?>
<!-- Generated by org.testng.reporters.JUnitReportReporter -->
<testsuite skipped="0" hostname="DESKTOP-TUHGED1" name="com.Urban.Runner.TestRunner" tests="1" failures="0" timestamp="2021-09-27T14:01:47 IST" time="48.054" errors="0">
  <testcase name="popup" time="48.054" classname="com.Urban.Runner.TestRunner"/>
  <system-out/>
</testsuite> <!-- com.Urban.Runner.TestRunner -->
